<?xml version="1.0" encoding="UTF-8"?>
<testsuite name="com.bridgelab.findmaxnumtests.MaximumNumberTests" tests="1" skipped="0" failures="0" errors="0" timestamp="2019-11-28T11:27:42" hostname="admin165-desktop" time="0.002">
  <properties/>
  <testcase name="givenIntegers_ShouldGiveMaximum" classname="com.bridgelab.findmaxnumtests.MaximumNumberTests" time="0.002"/>
  <system-out><![CDATA[]]></system-out>
  <system-err><![CDATA[]]></system-err>
</testsuite>
