<?xml version="1.0" encoding="UTF-8"?>
<testsuite name="com.bridgelab.findmaxnumtests.MaximumNumberTests" tests="1" skipped="0" failures="0" errors="0" timestamp="2019-11-28T13:23:03" hostname="admin165-desktop" time="0.004">
  <properties/>
  <testcase name="givenSpecificDataTypeValue_ShouldReturnMaximumValue" classname="com.bridgelab.findmaxnumtests.MaximumNumberTests" time="0.004"/>
  <system-out><![CDATA[maximum value is : 56
maximum value is : 89.26
maximum value is : w
]]></system-out>
  <system-err><![CDATA[]]></system-err>
</testsuite>
